{"/home/server1205/front-dev/production-project/src/entities/Counter/model/selectors/getCounter/getCounter.ts": {"path":"/home/server1205/front-dev/production-project/src/entities/Counter/model/selectors/getCounter/getCounter.ts","statementMap":{"0":{"start":{"line":3,"column":26},"end":{"line":3,"column":63}},"1":{"start":{"line":3,"column":50},"end":{"line":3,"column":63}}},"fnMap":{"0":{"name":"(anonymous_0)","decl":{"start":{"line":3,"column":26},"end":{"line":3,"column":27}},"loc":{"start":{"line":3,"column":50},"end":{"line":3,"column":63}},"line":3}},"branchMap":{},"s":{"0":1,"1":1},"f":{"0":1},"b":{},"_coverageSchema":"1a1c01bbd47fc00a2c39e90264f33305004495a9","hash":"8f60ca67552cde8cf4f71a2427761ada80a3a42a"}
,"/home/server1205/front-dev/production-project/src/entities/Counter/model/selectors/getCounterValue/getCounterValue.ts": {"path":"/home/server1205/front-dev/production-project/src/entities/Counter/model/selectors/getCounterValue/getCounterValue.ts","statementMap":{"0":{"start":{"line":5,"column":31},"end":{"line":8,"column":1}},"1":{"start":{"line":7,"column":32},"end":{"line":7,"column":45}}},"fnMap":{"0":{"name":"(anonymous_0)","decl":{"start":{"line":7,"column":4},"end":{"line":7,"column":5}},"loc":{"start":{"line":7,"column":32},"end":{"line":7,"column":45}},"line":7}},"branchMap":{},"s":{"0":1,"1":1},"f":{"0":1},"b":{},"_coverageSchema":"1a1c01bbd47fc00a2c39e90264f33305004495a9","hash":"ee1771176ba2e14b8f2c40fae72774c53b61405f"}
}
